TN:
SF:src/utils/scheduleEngine.ts
FN:44,(anonymous_0)
FN:60,(anonymous_1)
FN:67,(anonymous_2)
FN:74,(anonymous_3)
FN:102,(anonymous_4)
FN:108,(anonymous_5)
FN:120,(anonymous_6)
FN:128,(anonymous_7)
FN:130,(anonymous_8)
FN:159,(anonymous_9)
FN:169,(anonymous_10)
FN:174,(anonymous_11)
FN:178,(anonymous_12)
FN:179,(anonymous_13)
FN:183,(anonymous_14)
FN:195,(anonymous_15)
FN:207,(anonymous_16)
FN:210,(anonymous_17)
FN:216,(anonymous_18)
FN:221,(anonymous_19)
FN:222,(anonymous_20)
FN:239,(anonymous_21)
FN:303,(anonymous_22)
FN:306,(anonymous_23)
FN:310,(anonymous_24)
FN:318,(anonymous_25)
FN:330,(anonymous_26)
FN:331,(anonymous_27)
FN:347,(anonymous_28)
FN:390,(anonymous_29)
FNF:30
FNH:30
FNDA:3,(anonymous_0)
FNDA:62893,(anonymous_1)
FNDA:3297438,(anonymous_2)
FNDA:188679,(anonymous_3)
FNDA:3297438,(anonymous_4)
FNDA:816528,(anonymous_5)
FNDA:3297438,(anonymous_6)
FNDA:816528,(anonymous_7)
FNDA:4760341,(anonymous_8)
FNDA:125750,(anonymous_9)
FNDA:754500,(anonymous_10)
FNDA:62893,(anonymous_11)
FNDA:3297438,(anonymous_12)
FNDA:108027525,(anonymous_13)
FNDA:615538,(anonymous_14)
FNDA:62893,(anonymous_15)
FNDA:18,(anonymous_16)
FNDA:144,(anonymous_17)
FNDA:750,(anonymous_18)
FNDA:26892,(anonymous_19)
FNDA:11347,(anonymous_20)
FNDA:134,(anonymous_21)
FNDA:62875,(anonymous_22)
FNDA:503000,(anonymous_23)
FNDA:3296736,(anonymous_24)
FNDA:1684539,(anonymous_25)
FNDA:2247991,(anonymous_26)
FNDA:952235,(anonymous_27)
FNDA:11934,(anonymous_28)
FNDA:18,(anonymous_29)
DA:22,1
DA:39,1
DA:40,3
DA:41,3
DA:42,3
DA:50,3
DA:51,3
DA:52,3
DA:62,62893
DA:65,62893
DA:66,62893
DA:67,62893
DA:68,3297438
DA:69,188679
DA:71,3297438
DA:74,62893
DA:76,188679
DA:77,188679
DA:79,188679
DA:80,3297438
DA:81,34639656
DA:84,34639656
DA:85,34639656
DA:89,188679
DA:91,188679
DA:95,62893
DA:96,62893
DA:100,62893
DA:101,62893
DA:102,62893
DA:103,3297438
DA:104,3297438
DA:107,62893
DA:108,62893
DA:110,816528
DA:113,62893
DA:114,62893
DA:118,62893
DA:119,62893
DA:120,62893
DA:121,3297438
DA:122,3297438
DA:123,816528
DA:125,3297438
DA:128,62893
DA:130,4760341
DA:133,816528
DA:134,2480910
DA:135,2480910
DA:136,2480910
DA:137,2017984
DA:141,816528
DA:142,769128
DA:147,62893
DA:149,62893
DA:160,125750
DA:169,125750
DA:170,754500
DA:175,62893
DA:178,62893
DA:179,108027525
DA:180,3297438
DA:182,3297438
DA:184,615538
DA:187,3297438
DA:188,0
DA:192,62893
DA:196,62893
DA:197,62893
DA:199,62893
DA:200,880502
DA:201,880502
DA:204,62893
DA:208,18
DA:209,18
DA:210,144
DA:213,18
DA:216,18
DA:217,750
DA:218,750
DA:221,26892
DA:222,11347
DA:225,750
DA:226,2277
DA:228,1576
DA:229,1576
DA:232,1576
DA:233,874
DA:236,702
DA:238,710
DA:240,134
DA:244,710
DA:246,709
DA:247,702
DA:251,709
DA:252,702
DA:265,702
DA:266,702
DA:267,702
DA:274,750
DA:275,0
DA:276,0
DA:278,0
DA:291,0
DA:295,18
DA:297,18
DA:304,62875
DA:305,62875
DA:306,503000
DA:309,62875
DA:310,62875
DA:311,3296736
DA:312,3296736
DA:316,62875
DA:317,62875
DA:318,1684539
DA:320,62875
DA:323,62875
DA:324,62875
DA:327,62875
DA:328,62875
DA:330,2247991
DA:331,952235
DA:333,62875
DA:334,268848
DA:336,207429
DA:337,207429
DA:340,207429
DA:341,144554
DA:344,62875
DA:346,63701
DA:348,11934
DA:352,63701
DA:354,63518
DA:355,62875
DA:359,63518
DA:360,62875
DA:361,62875
DA:368,62875
DA:369,62875
DA:370,62875
DA:372,62875
DA:379,62875
DA:382,62875
DA:384,62875
DA:391,18
DA:392,18
DA:393,18
DA:394,18
DA:397,18
DA:398,18
DA:401,18
DA:402,18
DA:404,18
DA:405,62875
DA:408,62875
DA:409,62875
DA:410,62875
DA:413,62875
DA:414,22024
DA:417,22024
DA:418,651
DA:419,651
DA:420,651
DA:424,62875
DA:427,18
LF:166
LH:161
BRDA:68,0,0,188679
BRDA:89,1,0,188679
BRDA:95,2,0,62893
BRDA:104,3,0,3297438
BRDA:104,3,1,816528
BRDA:113,4,0,62893
BRDA:122,5,0,816528
BRDA:136,6,0,2017984
BRDA:141,7,0,769128
BRDA:180,8,0,0
BRDA:184,9,0,615538
BRDA:184,9,1,58796
BRDA:187,10,0,0
BRDA:226,11,0,701
BRDA:229,12,0,1576
BRDA:229,12,1,216
BRDA:232,13,0,874
BRDA:240,14,0,134
BRDA:240,14,1,15
BRDA:244,15,0,709
BRDA:246,16,0,702
BRDA:251,17,0,702
BRDA:274,18,0,0
BRDA:274,19,0,750
BRDA:274,19,1,48
BRDA:276,20,0,0
BRDA:276,20,1,0
BRDA:312,21,0,3296736
BRDA:312,21,1,813138
BRDA:320,22,0,0
BRDA:324,23,0,62875
BRDA:324,23,1,0
BRDA:334,24,0,61419
BRDA:337,25,0,207429
BRDA:337,25,1,4321
BRDA:340,26,0,144554
BRDA:348,27,0,11934
BRDA:348,27,1,1464
BRDA:352,28,0,63518
BRDA:354,29,0,62875
BRDA:359,30,0,62875
BRDA:368,31,0,62875
BRDA:370,32,0,62875
BRDA:370,32,1,4321
BRDA:404,33,0,62893
BRDA:404,33,1,62893
BRDA:413,34,0,22024
BRDA:413,35,0,62875
BRDA:413,35,1,58998
BRDA:417,36,0,651
BRF:50
BRH:43
end_of_record
